<?xml version="1.0" encoding="UTF-8"?>
<!-- Generated by org.testng.reporters.JUnitReportReporter -->
<testsuite hostname="ArunMotoori" failures="0" tests="7" name="tests.Login" time="28.373" errors="0" timestamp="2024-10-24T22:18:41 IST" skipped="0">
  <testcase classname="tests.Login" name="verifyLoginWithValidCredentials" time="4.176"/>
  <testcase classname="tests.Login" name="verifyLoginWithValidCredentials" time="3.991"/>
  <testcase classname="tests.Login" name="verifyLoginWithValidCredentials" time="4.022"/>
  <testcase classname="tests.Login" name="verifyLoginWithInvalidCredentials" time="3.991"/>
  <testcase classname="tests.Login" name="verifyLoginWithInvalidEmailAndValidPassword" time="4.073"/>
  <testcase classname="tests.Login" name="verifyLoginWithValidEmailAndInvalidPassword" time="4.057"/>
  <testcase classname="tests.Login" name="verifyLoginWithoutCredentials" time="4.063"/>
</testsuite> <!-- tests.Login -->
