<?xml version="1.0" encoding="UTF-8"?>
<!-- Generated by org.testng.reporters.JUnitReportReporter -->
<testsuite hostname="ArunMotoori" failures="0" tests="1" name="tests.Logout" time="2.667" errors="0" timestamp="2024-10-24T22:18:41 IST" skipped="1">
  <testcase classname="tests.Logout" name="verifyLogoutFromMyAccountMenu" time="2.667">
    <skipped/>
  </testcase> <!-- verifyLogoutFromMyAccountMenu -->
</testsuite> <!-- tests.Logout -->
