<?xml version="1.0" encoding="UTF-8"?>
<!-- Generated by org.testng.reporters.JUnitReportReporter -->
<testsuite hostname="ArunMotoori" failures="0" tests="3" name="tests.Register" time="16.997" errors="0" timestamp="2024-10-24T22:18:41 IST" skipped="0">
  <testcase classname="tests.Register" name="verifyRegisterAccountUsingMandatoryFields" time="6.533"/>
  <testcase classname="tests.Register" name="verifyRegisterAccountUsingAllFields" time="5.870"/>
  <testcase classname="tests.Register" name="verifyRegisterAccountWithoutAnyDetails" time="4.594"/>
</testsuite> <!-- tests.Register -->
