<?xml version="1.0" encoding="UTF-8"?>
<!-- Generated by org.testng.reporters.JUnitReportReporter -->
<testsuite hostname="DESKTOP-JNHH0DE" failures="0" tests="3" name="tests.RegisterTest" time="20.546" errors="0" timestamp="2024-11-12T18:43:27 IST" skipped="0">
  <testcase classname="tests.RegisterTest" name="verifyRegisterAccountUsingMandatoryFields" time="8.476"/>
  <testcase classname="tests.RegisterTest" name="verifyRegisterAccountUsingAllFields" time="7.182"/>
  <testcase classname="tests.RegisterTest" name="verifyRegisterAccountWithoutAnyDetails" time="4.888"/>
</testsuite> <!-- tests.RegisterTest -->
