<?xml version="1.0" encoding="UTF-8"?>
<!-- Generated by org.testng.reporters.JUnitReportReporter -->
<testsuite hostname="DESKTOP-JNHH0DE" failures="0" tests="7" name="tests.LoginTest" time="40.829" errors="0" timestamp="2024-11-12T19:05:56 IST" skipped="0">
  <testcase classname="tests.LoginTest" name="verifyLoginWithValidCredentials" time="5.187"/>
  <testcase classname="tests.LoginTest" name="verifyLoginWithValidCredentials" time="7.723"/>
  <testcase classname="tests.LoginTest" name="verifyLoginWithValidCredentials" time="5.165"/>
  <testcase classname="tests.LoginTest" name="verifyLoginWithInvalidCredentials" time="8.060"/>
  <testcase classname="tests.LoginTest" name="verifyLoginWithInvalidEmailAndValidPassword" time="4.736"/>
  <testcase classname="tests.LoginTest" name="verifyLoginWithValidEmailAndInvalidPassword" time="4.947"/>
  <testcase classname="tests.LoginTest" name="verifyLoginWithoutCredentials" time="5.011"/>
</testsuite> <!-- tests.LoginTest -->
