<?xml version="1.0" encoding="UTF-8"?>
<!-- Generated by org.testng.reporters.JUnitReportReporter -->
<testsuite hostname="DESKTOP-JNHH0DE" failures="0" tests="3" name="tests.RegisterTest" time="22.898" errors="0" timestamp="2024-11-12T17:49:17 IST" skipped="0">
  <testcase classname="tests.RegisterTest" name="verifyRegisterAccountUsingMandatoryFields" time="5.435"/>
  <testcase classname="tests.RegisterTest" name="verifyRegisterAccountUsingAllFields" time="12.436"/>
  <testcase classname="tests.RegisterTest" name="verifyRegisterAccountWithoutAnyDetails" time="5.027"/>
</testsuite> <!-- tests.RegisterTest -->
