<?xml version="1.0" encoding="UTF-8"?>
<!-- Generated by org.testng.reporters.JUnitReportReporter -->
<testsuite hostname="DESKTOP-JNHH0DE" failures="0" tests="1" name="tests.LogoutTest" time="3.581" errors="0" timestamp="2024-11-12T19:05:56 IST" skipped="1">
  <testcase classname="tests.LogoutTest" name="verifyLogoutFromMyAccountMenu" time="3.581">
    <skipped/>
  </testcase> <!-- verifyLogoutFromMyAccountMenu -->
</testsuite> <!-- tests.LogoutTest -->
