<?xml version="1.0" encoding="UTF-8"?>
<!-- Generated by org.testng.reporters.JUnitReportReporter -->
<testsuite hostname="DESKTOP-JNHH0DE" failures="0" tests="7" name="tests.LoginTest" time="32.007" errors="0" timestamp="2024-11-12T18:43:27 IST" skipped="0">
  <testcase classname="tests.LoginTest" name="verifyLoginWithValidCredentials" time="4.615"/>
  <testcase classname="tests.LoginTest" name="verifyLoginWithValidCredentials" time="5.315"/>
  <testcase classname="tests.LoginTest" name="verifyLoginWithValidCredentials" time="4.448"/>
  <testcase classname="tests.LoginTest" name="verifyLoginWithInvalidCredentials" time="4.802"/>
  <testcase classname="tests.LoginTest" name="verifyLoginWithInvalidEmailAndValidPassword" time="4.325"/>
  <testcase classname="tests.LoginTest" name="verifyLoginWithValidEmailAndInvalidPassword" time="4.328"/>
  <testcase classname="tests.LoginTest" name="verifyLoginWithoutCredentials" time="4.174"/>
</testsuite> <!-- tests.LoginTest -->
