<?xml version="1.0" encoding="UTF-8"?>
<!-- Generated by org.testng.reporters.JUnitReportReporter -->
<testsuite hostname="ArunMotoori" failures="0" tests="7" name="tests.LoginTest" time="35.506" errors="0" timestamp="2024-10-30T19:37:19 IST" skipped="0">
  <testcase classname="tests.LoginTest" name="verifyLoginWithValidCredentials" time="4.984"/>
  <testcase classname="tests.LoginTest" name="verifyLoginWithValidCredentials" time="5.143"/>
  <testcase classname="tests.LoginTest" name="verifyLoginWithValidCredentials" time="5.228"/>
  <testcase classname="tests.LoginTest" name="verifyLoginWithInvalidCredentials" time="4.897"/>
  <testcase classname="tests.LoginTest" name="verifyLoginWithInvalidEmailAndValidPassword" time="4.990"/>
  <testcase classname="tests.LoginTest" name="verifyLoginWithValidEmailAndInvalidPassword" time="5.394"/>
  <testcase classname="tests.LoginTest" name="verifyLoginWithoutCredentials" time="4.870"/>
</testsuite> <!-- tests.LoginTest -->
