<?xml version="1.0" encoding="UTF-8"?>
<!-- Generated by org.testng.reporters.JUnitReportReporter -->
<testsuite hostname="DESKTOP-JNHH0DE" failures="0" tests="7" name="tests.LoginTest" time="44.927" errors="0" timestamp="2024-11-12T17:49:17 IST" skipped="0">
  <testcase classname="tests.LoginTest" name="verifyLoginWithValidCredentials" time="5.059"/>
  <testcase classname="tests.LoginTest" name="verifyLoginWithValidCredentials" time="5.265"/>
  <testcase classname="tests.LoginTest" name="verifyLoginWithValidCredentials" time="7.862"/>
  <testcase classname="tests.LoginTest" name="verifyLoginWithInvalidCredentials" time="7.686"/>
  <testcase classname="tests.LoginTest" name="verifyLoginWithInvalidEmailAndValidPassword" time="5.259"/>
  <testcase classname="tests.LoginTest" name="verifyLoginWithValidEmailAndInvalidPassword" time="5.047"/>
  <testcase classname="tests.LoginTest" name="verifyLoginWithoutCredentials" time="8.749"/>
</testsuite> <!-- tests.LoginTest -->
