<?xml version="1.0" encoding="UTF-8"?>
<!-- Generated by org.testng.reporters.JUnitReportReporter -->
<testsuite hostname="ArunMotoori" failures="0" tests="3" name="tests.RegisterTest" time="26.751" errors="0" timestamp="2024-10-30T19:37:19 IST" skipped="0">
  <testcase classname="tests.RegisterTest" name="verifyRegisterAccountUsingMandatoryFields" time="6.110"/>
  <testcase classname="tests.RegisterTest" name="verifyRegisterAccountUsingAllFields" time="6.113"/>
  <testcase classname="tests.RegisterTest" name="verifyRegisterAccountWithoutAnyDetails" time="14.528"/>
</testsuite> <!-- tests.RegisterTest -->
