<?xml version="1.0" encoding="UTF-8"?>
<!-- Generated by org.testng.reporters.JUnitReportReporter -->
<testsuite hostname="ArunMotoori" failures="0" tests="1" name="tests.LogoutTest" time="3.470" errors="0" timestamp="2024-10-30T19:37:18 IST" skipped="1">
  <testcase classname="tests.LogoutTest" name="verifyLogoutFromMyAccountMenu" time="3.470">
    <skipped/>
  </testcase> <!-- verifyLogoutFromMyAccountMenu -->
</testsuite> <!-- tests.LogoutTest -->
