<?xml version="1.0" encoding="UTF-8"?>
<!-- Generated by org.testng.reporters.JUnitReportReporter -->
<testsuite hostname="DESKTOP-JNHH0DE" failures="0" tests="3" name="tests.RegisterTest" time="23.243" errors="0" timestamp="2024-11-12T19:05:56 IST" skipped="0">
  <testcase classname="tests.RegisterTest" name="verifyRegisterAccountUsingMandatoryFields" time="10.667"/>
  <testcase classname="tests.RegisterTest" name="verifyRegisterAccountUsingAllFields" time="6.409"/>
  <testcase classname="tests.RegisterTest" name="verifyRegisterAccountWithoutAnyDetails" time="6.167"/>
</testsuite> <!-- tests.RegisterTest -->
